<?xml version="1.0" encoding="UTF-8"?>
<!-- Generated by org.testng.reporters.JUnitXMLReporter -->
<testsuite ignored="0" hostname="DESKTOP-I16IA9O" failures="3" tests="12" name="Test" time="55.214" errors="0" timestamp="2026-04-20T07:39:49 IST">
  <testcase classname="com.swaglabs.testscripts.LoginpageTest" name="verifyLoginBtnFunctionalityWithBlankPassword" time="1.891"/>
  <testcase classname="com.swaglabs.testscripts.LoginpageTest" name="verifyLoginBtnFunctionalityWithBlankUsernameAndPassword" time="10.279"/>
  <testcase classname="com.swaglabs.testscripts.LoginpageTest" name="verifyLoginBtnFunctionalityWithInvalidCredentials" time="0.558"/>
  <testcase classname="com.swaglabs.testscripts.LoginpageTest" name="verifyLoginBtnFunctionalityWithValidCredentials" time="0.518">
    <failure type="java.lang.AssertionError" message="Test script failed as product title is not visible expected [true] but found [false]">
      <![CDATA[java.lang.AssertionError: Test script failed as product title is not visible expected [true] but found [false]
at com.swaglabs.testscripts.LoginpageTest.verifyLoginBtnFunctionalityWithValidCredentials(LoginpageTest.java:87)
at java.base/java.util.ArrayList.forEach(ArrayList.java:1511)
... Removed 30 stack frames]]>
    </failure>
  </testcase> <!-- verifyLoginBtnFunctionalityWithValidCredentials -->
  <testcase classname="com.swaglabs.testscripts.LoginpageTest" name="verifyLoginBtnFunctionalityWithValidCredentials" time="0.653"/>
  <testcase classname="com.swaglabs.testscripts.LoginpageTest" name="verifyLoginBtnFunctionalityWithValidCredentials" time="0.592"/>
  <testcase classname="com.swaglabs.testscripts.LoginpageTest" name="verifyLoginBtnFunctionalityWithValidCredentials" time="1.298"/>
  <testcase classname="com.swaglabs.testscripts.LoginpageTest" name="verifyLoginBtnFunctionalityWithValidCredentials" time="1.343"/>
  <testcase classname="com.swaglabs.testscripts.LoginpageTest" name="verifyLoginBtnFunctionalityWithValidCredentials" time="0.69"/>
  <testcase classname="com.swaglabs.testscripts.LoginpageTest" name="verifyLoginBtnFunctionalityWithValidCredentials" time="0.726"/>
  <testcase classname="com.swaglabs.testscripts.LoginpageTest" name="verifyLoginBtnFunctionalityWithValidCredentials" time="0.56">
    <failure type="java.lang.AssertionError" message="Test script failed as product title is not visible expected [true] but found [false]">
      <![CDATA[java.lang.AssertionError: Test script failed as product title is not visible expected [true] but found [false]
at com.swaglabs.testscripts.LoginpageTest.verifyLoginBtnFunctionalityWithValidCredentials(LoginpageTest.java:111)
at java.base/java.util.ArrayList.forEach(ArrayList.java:1511)
... Removed 30 stack frames]]>
    </failure>
  </testcase> <!-- verifyLoginBtnFunctionalityWithValidCredentials -->
  <testcase classname="com.swaglabs.testscripts.LoginpageTest" name="verifyLoginBtnFunctionalityWithValidCredentials" time="0.507">
    <failure type="java.lang.AssertionError" message="Test script failed as product title is not visible expected [true] but found [false]">
      <![CDATA[java.lang.AssertionError: Test script failed as product title is not visible expected [true] but found [false]
at com.swaglabs.testscripts.LoginpageTest.verifyLoginBtnFunctionalityWithValidCredentials(LoginpageTest.java:111)
at java.base/java.util.ArrayList.forEach(ArrayList.java:1511)
... Removed 30 stack frames]]>
    </failure>
  </testcase> <!-- verifyLoginBtnFunctionalityWithValidCredentials -->
</testsuite> <!-- Test -->
