<?xml version="1.0" encoding="UTF-8"?>
<!-- Generated by org.testng.reporters.JUnitXMLReporter -->
<testsuite ignored="3" hostname="DESKTOP-I16IA9O" failures="2" tests="3" name="Test(failed)" time="11.372" errors="0" timestamp="2026-04-18T08:01:50 IST">
  <testcase classname="com.swaglabs.testscripts.LoginpageTest" name="verifyLoginBtnFunctionalityWithValidCredentials" time="2.129"/>
  <testcase classname="com.swaglabs.testscripts.LoginpageTest" name="verifyLoginBtnFunctionalityWithValidCredentials" time="0.491">
    <failure type="java.lang.AssertionError" message="Test script failed as product title is not visible expected [true] but found [false]">
      <![CDATA[java.lang.AssertionError: Test script failed as product title is not visible expected [true] but found [false]
at com.swaglabs.testscripts.LoginpageTest.verifyLoginBtnFunctionalityWithValidCredentials(LoginpageTest.java:97)
at java.base/java.util.ArrayList.forEach(ArrayList.java:1511)
... Removed 30 stack frames]]>
    </failure>
  </testcase> <!-- verifyLoginBtnFunctionalityWithValidCredentials -->
  <testcase classname="com.swaglabs.testscripts.LoginpageTest" name="verifyLoginBtnFunctionalityWithValidCredentials" time="0.448">
    <failure type="java.lang.AssertionError" message="Test script failed as product title is not visible expected [true] but found [false]">
      <![CDATA[java.lang.AssertionError: Test script failed as product title is not visible expected [true] but found [false]
at com.swaglabs.testscripts.LoginpageTest.verifyLoginBtnFunctionalityWithValidCredentials(LoginpageTest.java:97)
at java.base/java.util.ArrayList.forEach(ArrayList.java:1511)
... Removed 30 stack frames]]>
    </failure>
  </testcase> <!-- verifyLoginBtnFunctionalityWithValidCredentials -->
  <testcase classname="com.swaglabs.testscripts.LoginpageTest" name="verifyLoginBtnFunctionalityWithBlankUsernameAndPassword" time="0.0">
    <ignored/>
  </testcase> <!-- verifyLoginBtnFunctionalityWithBlankUsernameAndPassword -->
  <testcase classname="com.swaglabs.testscripts.LoginpageTest" name="verifyLoginBtnFunctionalityWithBlankPassword" time="0.0">
    <ignored/>
  </testcase> <!-- verifyLoginBtnFunctionalityWithBlankPassword -->
  <testcase classname="com.swaglabs.testscripts.LoginpageTest" name="verifyLoginBtnFunctionalityWithInvalidCredentials" time="0.0">
    <ignored/>
  </testcase> <!-- verifyLoginBtnFunctionalityWithInvalidCredentials -->
</testsuite> <!-- Test(failed) -->
