<?xml version="1.0" encoding="UTF-8"?>
<testng-results ignored="0" total="12" passed="9" failed="3" skipped="0">
  <reporter-output>
  </reporter-output>
  <suite started-at="2026-04-20T07:38:54 IST" name="Suite" finished-at="2026-04-20T07:39:49 IST" duration-ms="55214">
    <groups>
    </groups>
    <test started-at="2026-04-20T07:38:54 IST" name="Test" finished-at="2026-04-20T07:39:49 IST" duration-ms="55214">
      <class name="com.swaglabs.testscripts.LoginpageTest">
        <test-method is-config="true" signature="setup(java.lang.String)[pri:0, instance:com.swaglabs.testscripts.LoginpageTest@6e535154]" started-at="2026-04-20T07:38:54 IST" name="setup" finished-at="2026-04-20T07:38:58 IST" duration-ms="4067" status="PASS">
          <params>
            <param index="0">
              <value>
                <![CDATA[chrome]]>
              </value>
            </param>
          </params>
          <reporter-output>
          </reporter-output>
        </test-method> <!-- setup -->
        <test-method signature="verifyLoginBtnFunctionalityWithBlankPassword()[pri:0, instance:com.swaglabs.testscripts.LoginpageTest@6e535154]" started-at="2026-04-20T07:38:58 IST" name="verifyLoginBtnFunctionalityWithBlankPassword" finished-at="2026-04-20T07:39:00 IST" duration-ms="1891" status="PASS">
          <reporter-output>
          </reporter-output>
        </test-method> <!-- verifyLoginBtnFunctionalityWithBlankPassword -->
        <test-method is-config="true" signature="teardown()[pri:0, instance:com.swaglabs.testscripts.LoginpageTest@6e535154]" started-at="2026-04-20T07:39:00 IST" name="teardown" finished-at="2026-04-20T07:39:00 IST" duration-ms="402" status="PASS">
          <reporter-output>
          </reporter-output>
        </test-method> <!-- teardown -->
        <test-method is-config="true" signature="setup(java.lang.String)[pri:0, instance:com.swaglabs.testscripts.LoginpageTest@6e535154]" started-at="2026-04-20T07:39:00 IST" name="setup" finished-at="2026-04-20T07:39:03 IST" duration-ms="2163" status="PASS">
          <params>
            <param index="0">
              <value>
                <![CDATA[chrome]]>
              </value>
            </param>
          </params>
          <reporter-output>
          </reporter-output>
        </test-method> <!-- setup -->
        <test-method signature="verifyLoginBtnFunctionalityWithBlankUsernameAndPassword()[pri:0, instance:com.swaglabs.testscripts.LoginpageTest@6e535154]" started-at="2026-04-20T07:39:03 IST" name="verifyLoginBtnFunctionalityWithBlankUsernameAndPassword" finished-at="2026-04-20T07:39:13 IST" duration-ms="10279" status="PASS">
          <reporter-output>
          </reporter-output>
        </test-method> <!-- verifyLoginBtnFunctionalityWithBlankUsernameAndPassword -->
        <test-method is-config="true" signature="teardown()[pri:0, instance:com.swaglabs.testscripts.LoginpageTest@6e535154]" started-at="2026-04-20T07:39:13 IST" name="teardown" finished-at="2026-04-20T07:39:13 IST" duration-ms="532" status="PASS">
          <reporter-output>
          </reporter-output>
        </test-method> <!-- teardown -->
        <test-method is-config="true" signature="setup(java.lang.String)[pri:0, instance:com.swaglabs.testscripts.LoginpageTest@6e535154]" started-at="2026-04-20T07:39:13 IST" name="setup" finished-at="2026-04-20T07:39:16 IST" duration-ms="2154" status="PASS">
          <params>
            <param index="0">
              <value>
                <![CDATA[chrome]]>
              </value>
            </param>
          </params>
          <reporter-output>
          </reporter-output>
        </test-method> <!-- setup -->
        <test-method signature="verifyLoginBtnFunctionalityWithInvalidCredentials()[pri:0, instance:com.swaglabs.testscripts.LoginpageTest@6e535154]" started-at="2026-04-20T07:39:16 IST" name="verifyLoginBtnFunctionalityWithInvalidCredentials" finished-at="2026-04-20T07:39:16 IST" duration-ms="558" status="PASS">
          <reporter-output>
          </reporter-output>
        </test-method> <!-- verifyLoginBtnFunctionalityWithInvalidCredentials -->
        <test-method is-config="true" signature="teardown()[pri:0, instance:com.swaglabs.testscripts.LoginpageTest@6e535154]" started-at="2026-04-20T07:39:16 IST" name="teardown" finished-at="2026-04-20T07:39:17 IST" duration-ms="385" status="PASS">
          <reporter-output>
          </reporter-output>
        </test-method> <!-- teardown -->
        <test-method is-config="true" signature="setup(java.lang.String)[pri:0, instance:com.swaglabs.testscripts.LoginpageTest@6e535154]" started-at="2026-04-20T07:39:17 IST" name="setup" finished-at="2026-04-20T07:39:19 IST" duration-ms="2407" status="PASS">
          <params>
            <param index="0">
              <value>
                <![CDATA[chrome]]>
              </value>
            </param>
          </params>
          <reporter-output>
          </reporter-output>
        </test-method> <!-- setup -->
        <test-method signature="verifyLoginBtnFunctionalityWithValidCredentials()[pri:0, instance:com.swaglabs.testscripts.LoginpageTest@6e535154]" started-at="2026-04-20T07:39:19 IST" name="verifyLoginBtnFunctionalityWithValidCredentials" finished-at="2026-04-20T07:39:19 IST" duration-ms="518" status="FAIL">
          <exception class="java.lang.AssertionError">
            <message>
              <![CDATA[Test script failed as product title is not visible expected [true] but found [false]]]>
            </message>
            <full-stacktrace>
              <![CDATA[java.lang.AssertionError: Test script failed as product title is not visible expected [true] but found [false]
at org.testng.Assert.fail(Assert.java:111)
at org.testng.Assert.failNotEquals(Assert.java:1578)
at org.testng.Assert.assertTrue(Assert.java:57)
at com.swaglabs.testscripts.LoginpageTest.verifyLoginBtnFunctionalityWithValidCredentials(LoginpageTest.java:87)
at java.base/jdk.internal.reflect.NativeMethodAccessorImpl.invoke0(Native Method)
at java.base/jdk.internal.reflect.NativeMethodAccessorImpl.invoke(NativeMethodAccessorImpl.java:77)
at java.base/jdk.internal.reflect.DelegatingMethodAccessorImpl.invoke(DelegatingMethodAccessorImpl.java:43)
at java.base/java.lang.reflect.Method.invoke(Method.java:568)
at org.testng.internal.invokers.MethodInvocationHelper.invokeMethod(MethodInvocationHelper.java:139)
at org.testng.internal.invokers.TestInvoker.invokeMethod(TestInvoker.java:664)
at org.testng.internal.invokers.TestInvoker.invokeTestMethod(TestInvoker.java:228)
at org.testng.internal.invokers.MethodRunner.runInSequence(MethodRunner.java:63)
at org.testng.internal.invokers.TestInvoker$MethodInvocationAgent.invoke(TestInvoker.java:961)
at org.testng.internal.invokers.TestInvoker.invokeTestMethods(TestInvoker.java:201)
at org.testng.internal.invokers.TestMethodWorker.invokeTestMethods(TestMethodWorker.java:148)
at org.testng.internal.invokers.TestMethodWorker.run(TestMethodWorker.java:128)
at java.base/java.util.ArrayList.forEach(ArrayList.java:1511)
at org.testng.TestRunner.privateRun(TestRunner.java:819)
at org.testng.TestRunner.run(TestRunner.java:619)
at org.testng.SuiteRunner.runTest(SuiteRunner.java:443)
at org.testng.SuiteRunner.runSequentially(SuiteRunner.java:437)
at org.testng.SuiteRunner.privateRun(SuiteRunner.java:397)
at org.testng.SuiteRunner.run(SuiteRunner.java:336)
at org.testng.SuiteRunnerWorker.runSuite(SuiteRunnerWorker.java:52)
at org.testng.SuiteRunnerWorker.run(SuiteRunnerWorker.java:95)
at org.testng.TestNG.runSuitesSequentially(TestNG.java:1301)
at org.testng.TestNG.runSuitesLocally(TestNG.java:1228)
at org.testng.TestNG.runSuites(TestNG.java:1134)
at org.testng.TestNG.run(TestNG.java:1101)
at org.testng.remote.AbstractRemoteTestNG.run(AbstractRemoteTestNG.java:115)
at org.testng.remote.RemoteTestNG.initAndRun(RemoteTestNG.java:293)
at org.testng.remote.RemoteTestNG.main(RemoteTestNG.java:91)
]]>
            </full-stacktrace>
          </exception> <!-- java.lang.AssertionError -->
          <reporter-output>
          </reporter-output>
        </test-method> <!-- verifyLoginBtnFunctionalityWithValidCredentials -->
        <test-method is-config="true" signature="teardown()[pri:0, instance:com.swaglabs.testscripts.LoginpageTest@6e535154]" started-at="2026-04-20T07:39:19 IST" name="teardown" finished-at="2026-04-20T07:39:20 IST" duration-ms="382" status="PASS">
          <reporter-output>
          </reporter-output>
        </test-method> <!-- teardown -->
        <test-method is-config="true" signature="setup(java.lang.String)[pri:0, instance:com.swaglabs.testscripts.LoginpageTest@6e535154]" started-at="2026-04-20T07:39:20 IST" name="setup" finished-at="2026-04-20T07:39:22 IST" duration-ms="2183" status="PASS">
          <params>
            <param index="0">
              <value>
                <![CDATA[chrome]]>
              </value>
            </param>
          </params>
          <reporter-output>
          </reporter-output>
        </test-method> <!-- setup -->
        <test-method signature="verifyLoginBtnFunctionalityWithValidCredentials(java.lang.String,java.lang.String,java.lang.String)[pri:0, instance:com.swaglabs.testscripts.LoginpageTest@6e535154]" started-at="2026-04-20T07:39:22 IST" name="verifyLoginBtnFunctionalityWithValidCredentials" data-provider="loginCredentials" finished-at="2026-04-20T07:39:23 IST" duration-ms="653" status="PASS">
          <params>
            <param index="0">
              <value>
                <![CDATA[1]]>
              </value>
            </param>
            <param index="1">
              <value>
                <![CDATA[standard_user]]>
              </value>
            </param>
            <param index="2">
              <value>
                <![CDATA[secret_sauce]]>
              </value>
            </param>
          </params>
          <reporter-output>
          </reporter-output>
        </test-method> <!-- verifyLoginBtnFunctionalityWithValidCredentials -->
        <test-method is-config="true" signature="teardown()[pri:0, instance:com.swaglabs.testscripts.LoginpageTest@6e535154]" started-at="2026-04-20T07:39:23 IST" name="teardown" finished-at="2026-04-20T07:39:23 IST" duration-ms="385" status="PASS">
          <reporter-output>
          </reporter-output>
        </test-method> <!-- teardown -->
        <test-method is-config="true" signature="setup(java.lang.String)[pri:0, instance:com.swaglabs.testscripts.LoginpageTest@6e535154]" started-at="2026-04-20T07:39:23 IST" name="setup" finished-at="2026-04-20T07:39:25 IST" duration-ms="2306" status="PASS">
          <params>
            <param index="0">
              <value>
                <![CDATA[chrome]]>
              </value>
            </param>
          </params>
          <reporter-output>
          </reporter-output>
        </test-method> <!-- setup -->
        <test-method signature="verifyLoginBtnFunctionalityWithValidCredentials(java.lang.String,java.lang.String,java.lang.String)[pri:0, instance:com.swaglabs.testscripts.LoginpageTest@6e535154]" started-at="2026-04-20T07:39:25 IST" name="verifyLoginBtnFunctionalityWithValidCredentials" data-provider="loginCredentials" finished-at="2026-04-20T07:39:26 IST" duration-ms="592" status="PASS">
          <params>
            <param index="0">
              <value>
                <![CDATA[2]]>
              </value>
            </param>
            <param index="1">
              <value>
                <![CDATA[standard_user]]>
              </value>
            </param>
            <param index="2">
              <value>
                <![CDATA[secret_sauce]]>
              </value>
            </param>
          </params>
          <reporter-output>
          </reporter-output>
        </test-method> <!-- verifyLoginBtnFunctionalityWithValidCredentials -->
        <test-method is-config="true" signature="teardown()[pri:0, instance:com.swaglabs.testscripts.LoginpageTest@6e535154]" started-at="2026-04-20T07:39:26 IST" name="teardown" finished-at="2026-04-20T07:39:26 IST" duration-ms="357" status="PASS">
          <reporter-output>
          </reporter-output>
        </test-method> <!-- teardown -->
        <test-method is-config="true" signature="setup(java.lang.String)[pri:0, instance:com.swaglabs.testscripts.LoginpageTest@6e535154]" started-at="2026-04-20T07:39:26 IST" name="setup" finished-at="2026-04-20T07:39:28 IST" duration-ms="1763" status="PASS">
          <params>
            <param index="0">
              <value>
                <![CDATA[chrome]]>
              </value>
            </param>
          </params>
          <reporter-output>
          </reporter-output>
        </test-method> <!-- setup -->
        <test-method signature="verifyLoginBtnFunctionalityWithValidCredentials(java.lang.String,java.lang.String,java.lang.String)[pri:0, instance:com.swaglabs.testscripts.LoginpageTest@6e535154]" started-at="2026-04-20T07:39:28 IST" name="verifyLoginBtnFunctionalityWithValidCredentials" data-provider="loginCredentials" finished-at="2026-04-20T07:39:30 IST" duration-ms="1298" status="PASS">
          <params>
            <param index="0">
              <value>
                <![CDATA[3]]>
              </value>
            </param>
            <param index="1">
              <value>
                <![CDATA[standard_user]]>
              </value>
            </param>
            <param index="2">
              <value>
                <![CDATA[secret_sauce]]>
              </value>
            </param>
          </params>
          <reporter-output>
          </reporter-output>
        </test-method> <!-- verifyLoginBtnFunctionalityWithValidCredentials -->
        <test-method is-config="true" signature="teardown()[pri:0, instance:com.swaglabs.testscripts.LoginpageTest@6e535154]" started-at="2026-04-20T07:39:30 IST" name="teardown" finished-at="2026-04-20T07:39:30 IST" duration-ms="455" status="PASS">
          <reporter-output>
          </reporter-output>
        </test-method> <!-- teardown -->
        <test-method is-config="true" signature="setup(java.lang.String)[pri:0, instance:com.swaglabs.testscripts.LoginpageTest@6e535154]" started-at="2026-04-20T07:39:30 IST" name="setup" finished-at="2026-04-20T07:39:33 IST" duration-ms="2706" status="PASS">
          <params>
            <param index="0">
              <value>
                <![CDATA[chrome]]>
              </value>
            </param>
          </params>
          <reporter-output>
          </reporter-output>
        </test-method> <!-- setup -->
        <test-method signature="verifyLoginBtnFunctionalityWithValidCredentials(java.lang.String,java.lang.String,java.lang.String)[pri:0, instance:com.swaglabs.testscripts.LoginpageTest@6e535154]" started-at="2026-04-20T07:39:33 IST" name="verifyLoginBtnFunctionalityWithValidCredentials" data-provider="loginCredentials" finished-at="2026-04-20T07:39:34 IST" duration-ms="1343" status="PASS">
          <params>
            <param index="0">
              <value>
                <![CDATA[4]]>
              </value>
            </param>
            <param index="1">
              <value>
                <![CDATA[standard_user]]>
              </value>
            </param>
            <param index="2">
              <value>
                <![CDATA[secret_sauce]]>
              </value>
            </param>
          </params>
          <reporter-output>
          </reporter-output>
        </test-method> <!-- verifyLoginBtnFunctionalityWithValidCredentials -->
        <test-method is-config="true" signature="teardown()[pri:0, instance:com.swaglabs.testscripts.LoginpageTest@6e535154]" started-at="2026-04-20T07:39:34 IST" name="teardown" finished-at="2026-04-20T07:39:35 IST" duration-ms="896" status="PASS">
          <reporter-output>
          </reporter-output>
        </test-method> <!-- teardown -->
        <test-method is-config="true" signature="setup(java.lang.String)[pri:0, instance:com.swaglabs.testscripts.LoginpageTest@6e535154]" started-at="2026-04-20T07:39:35 IST" name="setup" finished-at="2026-04-20T07:39:37 IST" duration-ms="2550" status="PASS">
          <params>
            <param index="0">
              <value>
                <![CDATA[chrome]]>
              </value>
            </param>
          </params>
          <reporter-output>
          </reporter-output>
        </test-method> <!-- setup -->
        <test-method signature="verifyLoginBtnFunctionalityWithValidCredentials(java.lang.String,java.lang.String,java.lang.String)[pri:0, instance:com.swaglabs.testscripts.LoginpageTest@6e535154]" started-at="2026-04-20T07:39:38 IST" name="verifyLoginBtnFunctionalityWithValidCredentials" data-provider="loginCredentials" finished-at="2026-04-20T07:39:38 IST" duration-ms="690" status="PASS">
          <params>
            <param index="0">
              <value>
                <![CDATA[5]]>
              </value>
            </param>
            <param index="1">
              <value>
                <![CDATA[standard_user]]>
              </value>
            </param>
            <param index="2">
              <value>
                <![CDATA[secret_sauce]]>
              </value>
            </param>
          </params>
          <reporter-output>
          </reporter-output>
        </test-method> <!-- verifyLoginBtnFunctionalityWithValidCredentials -->
        <test-method is-config="true" signature="teardown()[pri:0, instance:com.swaglabs.testscripts.LoginpageTest@6e535154]" started-at="2026-04-20T07:39:38 IST" name="teardown" finished-at="2026-04-20T07:39:39 IST" duration-ms="471" status="PASS">
          <reporter-output>
          </reporter-output>
        </test-method> <!-- teardown -->
        <test-method is-config="true" signature="setup(java.lang.String)[pri:0, instance:com.swaglabs.testscripts.LoginpageTest@6e535154]" started-at="2026-04-20T07:39:39 IST" name="setup" finished-at="2026-04-20T07:39:41 IST" duration-ms="2325" status="PASS">
          <params>
            <param index="0">
              <value>
                <![CDATA[chrome]]>
              </value>
            </param>
          </params>
          <reporter-output>
          </reporter-output>
        </test-method> <!-- setup -->
        <test-method signature="verifyLoginBtnFunctionalityWithValidCredentials(java.lang.String,java.lang.String,java.lang.String)[pri:0, instance:com.swaglabs.testscripts.LoginpageTest@6e535154]" started-at="2026-04-20T07:39:41 IST" name="verifyLoginBtnFunctionalityWithValidCredentials" data-provider="loginCredentials" finished-at="2026-04-20T07:39:42 IST" duration-ms="726" status="PASS">
          <params>
            <param index="0">
              <value>
                <![CDATA[6]]>
              </value>
            </param>
            <param index="1">
              <value>
                <![CDATA[standard_user]]>
              </value>
            </param>
            <param index="2">
              <value>
                <![CDATA[secret_sauce]]>
              </value>
            </param>
          </params>
          <reporter-output>
          </reporter-output>
        </test-method> <!-- verifyLoginBtnFunctionalityWithValidCredentials -->
        <test-method is-config="true" signature="teardown()[pri:0, instance:com.swaglabs.testscripts.LoginpageTest@6e535154]" started-at="2026-04-20T07:39:42 IST" name="teardown" finished-at="2026-04-20T07:39:42 IST" duration-ms="357" status="PASS">
          <reporter-output>
          </reporter-output>
        </test-method> <!-- teardown -->
        <test-method is-config="true" signature="setup(java.lang.String)[pri:0, instance:com.swaglabs.testscripts.LoginpageTest@6e535154]" started-at="2026-04-20T07:39:42 IST" name="setup" finished-at="2026-04-20T07:39:44 IST" duration-ms="2270" status="PASS">
          <params>
            <param index="0">
              <value>
                <![CDATA[chrome]]>
              </value>
            </param>
          </params>
          <reporter-output>
          </reporter-output>
        </test-method> <!-- setup -->
        <test-method signature="verifyLoginBtnFunctionalityWithValidCredentials(java.lang.String,java.lang.String,java.lang.String)[pri:0, instance:com.swaglabs.testscripts.LoginpageTest@6e535154]" started-at="2026-04-20T07:39:44 IST" name="verifyLoginBtnFunctionalityWithValidCredentials" data-provider="loginCredentials" finished-at="2026-04-20T07:39:45 IST" duration-ms="560" status="FAIL">
          <params>
            <param index="0">
              <value>
                <![CDATA[7]]>
              </value>
            </param>
            <param index="1">
              <value>
                <![CDATA[locked_out_user]]>
              </value>
            </param>
            <param index="2">
              <value>
                <![CDATA[secret_sauce]]>
              </value>
            </param>
          </params>
          <exception class="java.lang.AssertionError">
            <message>
              <![CDATA[Test script failed as product title is not visible expected [true] but found [false]]]>
            </message>
            <full-stacktrace>
              <![CDATA[java.lang.AssertionError: Test script failed as product title is not visible expected [true] but found [false]
at org.testng.Assert.fail(Assert.java:111)
at org.testng.Assert.failNotEquals(Assert.java:1578)
at org.testng.Assert.assertTrue(Assert.java:57)
at com.swaglabs.testscripts.LoginpageTest.verifyLoginBtnFunctionalityWithValidCredentials(LoginpageTest.java:111)
at java.base/jdk.internal.reflect.NativeMethodAccessorImpl.invoke0(Native Method)
at java.base/jdk.internal.reflect.NativeMethodAccessorImpl.invoke(NativeMethodAccessorImpl.java:77)
at java.base/jdk.internal.reflect.DelegatingMethodAccessorImpl.invoke(DelegatingMethodAccessorImpl.java:43)
at java.base/java.lang.reflect.Method.invoke(Method.java:568)
at org.testng.internal.invokers.MethodInvocationHelper.invokeMethod(MethodInvocationHelper.java:139)
at org.testng.internal.invokers.TestInvoker.invokeMethod(TestInvoker.java:664)
at org.testng.internal.invokers.TestInvoker.invokeTestMethod(TestInvoker.java:228)
at org.testng.internal.invokers.MethodRunner.runInSequence(MethodRunner.java:63)
at org.testng.internal.invokers.TestInvoker$MethodInvocationAgent.invoke(TestInvoker.java:961)
at org.testng.internal.invokers.TestInvoker.invokeTestMethods(TestInvoker.java:201)
at org.testng.internal.invokers.TestMethodWorker.invokeTestMethods(TestMethodWorker.java:148)
at org.testng.internal.invokers.TestMethodWorker.run(TestMethodWorker.java:128)
at java.base/java.util.ArrayList.forEach(ArrayList.java:1511)
at org.testng.TestRunner.privateRun(TestRunner.java:819)
at org.testng.TestRunner.run(TestRunner.java:619)
at org.testng.SuiteRunner.runTest(SuiteRunner.java:443)
at org.testng.SuiteRunner.runSequentially(SuiteRunner.java:437)
at org.testng.SuiteRunner.privateRun(SuiteRunner.java:397)
at org.testng.SuiteRunner.run(SuiteRunner.java:336)
at org.testng.SuiteRunnerWorker.runSuite(SuiteRunnerWorker.java:52)
at org.testng.SuiteRunnerWorker.run(SuiteRunnerWorker.java:95)
at org.testng.TestNG.runSuitesSequentially(TestNG.java:1301)
at org.testng.TestNG.runSuitesLocally(TestNG.java:1228)
at org.testng.TestNG.runSuites(TestNG.java:1134)
at org.testng.TestNG.run(TestNG.java:1101)
at org.testng.remote.AbstractRemoteTestNG.run(AbstractRemoteTestNG.java:115)
at org.testng.remote.RemoteTestNG.initAndRun(RemoteTestNG.java:293)
at org.testng.remote.RemoteTestNG.main(RemoteTestNG.java:91)
]]>
            </full-stacktrace>
          </exception> <!-- java.lang.AssertionError -->
          <reporter-output>
          </reporter-output>
        </test-method> <!-- verifyLoginBtnFunctionalityWithValidCredentials -->
        <test-method is-config="true" signature="teardown()[pri:0, instance:com.swaglabs.testscripts.LoginpageTest@6e535154]" started-at="2026-04-20T07:39:45 IST" name="teardown" finished-at="2026-04-20T07:39:45 IST" duration-ms="519" status="PASS">
          <reporter-output>
          </reporter-output>
        </test-method> <!-- teardown -->
        <test-method is-config="true" signature="setup(java.lang.String)[pri:0, instance:com.swaglabs.testscripts.LoginpageTest@6e535154]" started-at="2026-04-20T07:39:45 IST" name="setup" finished-at="2026-04-20T07:39:48 IST" duration-ms="2489" status="PASS">
          <params>
            <param index="0">
              <value>
                <![CDATA[chrome]]>
              </value>
            </param>
          </params>
          <reporter-output>
          </reporter-output>
        </test-method> <!-- setup -->
        <test-method signature="verifyLoginBtnFunctionalityWithValidCredentials(java.lang.String,java.lang.String,java.lang.String)[pri:0, instance:com.swaglabs.testscripts.LoginpageTest@6e535154]" started-at="2026-04-20T07:39:48 IST" name="verifyLoginBtnFunctionalityWithValidCredentials" data-provider="loginCredentials" finished-at="2026-04-20T07:39:48 IST" duration-ms="507" status="FAIL">
          <params>
            <param index="0">
              <value>
                <![CDATA[8]]>
              </value>
            </param>
            <param index="1">
              <value>
                <![CDATA[ASDSDFDSFG]]>
              </value>
            </param>
            <param index="2">
              <value>
                <![CDATA[ASDAAAAAAAAAAAG]]>
              </value>
            </param>
          </params>
          <exception class="java.lang.AssertionError">
            <message>
              <![CDATA[Test script failed as product title is not visible expected [true] but found [false]]]>
            </message>
            <full-stacktrace>
              <![CDATA[java.lang.AssertionError: Test script failed as product title is not visible expected [true] but found [false]
at org.testng.Assert.fail(Assert.java:111)
at org.testng.Assert.failNotEquals(Assert.java:1578)
at org.testng.Assert.assertTrue(Assert.java:57)
at com.swaglabs.testscripts.LoginpageTest.verifyLoginBtnFunctionalityWithValidCredentials(LoginpageTest.java:111)
at java.base/jdk.internal.reflect.NativeMethodAccessorImpl.invoke0(Native Method)
at java.base/jdk.internal.reflect.NativeMethodAccessorImpl.invoke(NativeMethodAccessorImpl.java:77)
at java.base/jdk.internal.reflect.DelegatingMethodAccessorImpl.invoke(DelegatingMethodAccessorImpl.java:43)
at java.base/java.lang.reflect.Method.invoke(Method.java:568)
at org.testng.internal.invokers.MethodInvocationHelper.invokeMethod(MethodInvocationHelper.java:139)
at org.testng.internal.invokers.TestInvoker.invokeMethod(TestInvoker.java:664)
at org.testng.internal.invokers.TestInvoker.invokeTestMethod(TestInvoker.java:228)
at org.testng.internal.invokers.MethodRunner.runInSequence(MethodRunner.java:63)
at org.testng.internal.invokers.TestInvoker$MethodInvocationAgent.invoke(TestInvoker.java:961)
at org.testng.internal.invokers.TestInvoker.invokeTestMethods(TestInvoker.java:201)
at org.testng.internal.invokers.TestMethodWorker.invokeTestMethods(TestMethodWorker.java:148)
at org.testng.internal.invokers.TestMethodWorker.run(TestMethodWorker.java:128)
at java.base/java.util.ArrayList.forEach(ArrayList.java:1511)
at org.testng.TestRunner.privateRun(TestRunner.java:819)
at org.testng.TestRunner.run(TestRunner.java:619)
at org.testng.SuiteRunner.runTest(SuiteRunner.java:443)
at org.testng.SuiteRunner.runSequentially(SuiteRunner.java:437)
at org.testng.SuiteRunner.privateRun(SuiteRunner.java:397)
at org.testng.SuiteRunner.run(SuiteRunner.java:336)
at org.testng.SuiteRunnerWorker.runSuite(SuiteRunnerWorker.java:52)
at org.testng.SuiteRunnerWorker.run(SuiteRunnerWorker.java:95)
at org.testng.TestNG.runSuitesSequentially(TestNG.java:1301)
at org.testng.TestNG.runSuitesLocally(TestNG.java:1228)
at org.testng.TestNG.runSuites(TestNG.java:1134)
at org.testng.TestNG.run(TestNG.java:1101)
at org.testng.remote.AbstractRemoteTestNG.run(AbstractRemoteTestNG.java:115)
at org.testng.remote.RemoteTestNG.initAndRun(RemoteTestNG.java:293)
at org.testng.remote.RemoteTestNG.main(RemoteTestNG.java:91)
]]>
            </full-stacktrace>
          </exception> <!-- java.lang.AssertionError -->
          <reporter-output>
          </reporter-output>
        </test-method> <!-- verifyLoginBtnFunctionalityWithValidCredentials -->
        <test-method is-config="true" signature="teardown()[pri:0, instance:com.swaglabs.testscripts.LoginpageTest@6e535154]" started-at="2026-04-20T07:39:48 IST" name="teardown" finished-at="2026-04-20T07:39:49 IST" duration-ms="438" status="PASS">
          <reporter-output>
          </reporter-output>
        </test-method> <!-- teardown -->
      </class> <!-- com.swaglabs.testscripts.LoginpageTest -->
    </test> <!-- Test -->
  </suite> <!-- Suite -->
</testng-results>
